d:\users\jonny0815\documents\max 8\packages\troubadix\source\projects\troubadix\tmp\debug\vc142.pdb
d:\users\jonny0815\documents\max 8\packages\troubadix\source\projects\troubadix\troubadix.dir\debug\troubadix.obj
d:\users\jonny0815\documents\max 8\packages\troubadix\source\projects\troubadix\cmakefiles\generate.stamp
d:\users\jonny0815\documents\max 8\packages\troubadix\externals\troubadix.mxe64
d:\users\jonny0815\documents\max 8\packages\troubadix\externals\troubadix.ilk
d:\users\jonny0815\documents\max 8\packages\troubadix\source\projects\troubadix\tmp\debug\troubadix.pdb
d:\users\jonny0815\documents\max 8\packages\troubadix\source\projects\troubadix\debug\troubadix.lib
d:\users\jonny0815\documents\max 8\packages\troubadix\source\projects\troubadix\debug\troubadix.exp
d:\users\jonny0815\documents\max 8\packages\troubadix\source\projects\troubadix\troubadix.dir\debug\troubadix.tlog\cl.command.1.tlog
d:\users\jonny0815\documents\max 8\packages\troubadix\source\projects\troubadix\troubadix.dir\debug\troubadix.tlog\cl.read.1.tlog
d:\users\jonny0815\documents\max 8\packages\troubadix\source\projects\troubadix\troubadix.dir\debug\troubadix.tlog\cl.write.1.tlog
d:\users\jonny0815\documents\max 8\packages\troubadix\source\projects\troubadix\troubadix.dir\debug\troubadix.tlog\custombuild.command.1.tlog
d:\users\jonny0815\documents\max 8\packages\troubadix\source\projects\troubadix\troubadix.dir\debug\troubadix.tlog\custombuild.read.1.tlog
d:\users\jonny0815\documents\max 8\packages\troubadix\source\projects\troubadix\troubadix.dir\debug\troubadix.tlog\custombuild.write.1.tlog
d:\users\jonny0815\documents\max 8\packages\troubadix\source\projects\troubadix\troubadix.dir\debug\troubadix.tlog\link.13768.delete.1.tlog
d:\users\jonny0815\documents\max 8\packages\troubadix\source\projects\troubadix\troubadix.dir\debug\troubadix.tlog\link.14692.delete.1.tlog
d:\users\jonny0815\documents\max 8\packages\troubadix\source\projects\troubadix\troubadix.dir\debug\troubadix.tlog\link.command.1.tlog
d:\users\jonny0815\documents\max 8\packages\troubadix\source\projects\troubadix\troubadix.dir\debug\troubadix.tlog\link.read.1.tlog
d:\users\jonny0815\documents\max 8\packages\troubadix\source\projects\troubadix\troubadix.dir\debug\troubadix.tlog\link.write.1.tlog
d:\users\jonny0815\documents\max 8\packages\troubadix\source\projects\troubadix\troubadix.dir\debug\troubadix.tlog\troubadix.write.1u.tlog
